[2026-04-04 16:56:46] ============================================================
[2026-04-04 16:56:46] TEST MODE — Extracting posts from first group
[2026-04-04 16:56:46] ============================================================
[2026-04-04 16:57:01] Testing with: Cdl jobs RGV
[2026-04-04 16:57:12] Extracted 7 posts from group
[2026-04-04 16:57:12] 
Extracted 7 posts:

[2026-04-04 16:57:12]      -- Post 1: Pete Martinez So you need hopper experience? 3d Like Reply Share...
[2026-04-04 16:57:12]      -- Post 2: Felix Hernandez III Inbox 4d Like Reply Share 1...
[2026-04-04 16:57:12]      -- Post 3: 956trucker 100 layover after 24hrs ? Por eso buscas drivers cada rato , You can’t lowball “American citizens “ Drivers B1 are long gone .. lol 4d Like...
[2026-04-04 16:57:12]      -- Post 4: Lewis Casanova Bejarano Hahaha ay te watcho 2w Like Reply Share...
[2026-04-04 16:57:12]      -- Post 5: Jay GarciaInfo4dLikeReplyShare...
[2026-04-04 16:57:12]      -- Post 6: Balde MurilloInfo2wLikeReplyShare...
[2026-04-04 16:57:12]      -- Post 7: Israel ChavarriaInfo3wLikeReplyShare...
[2026-04-05 08:05:59] ============================================================
[2026-04-05 08:05:59] STARTING OPTIMUM CLINIC FB MONITOR
[2026-04-05 08:05:59] ============================================================
[2026-04-05 08:06:13] 
--- Checking: Cdl jobs RGV (cdl) ---
[2026-04-05 08:06:24] Extracted 5 posts from group
[2026-04-05 08:06:27] 
--- Checking: CDL DRIVERS RIO GRANDE VALLEY (cdl) ---
[2026-04-05 08:06:41] Extracted 12 posts from group
[2026-04-05 08:06:44] 
--- Checking: RGV CDL & Hotshot drivers (cdl) ---
[2026-04-05 08:06:56] Extracted 0 posts from group
[2026-04-05 08:06:59] 
--- Checking: RGV Truck Drivers (cdl) ---
[2026-04-05 08:07:11] Extracted 3 posts from group
[2026-04-05 08:07:14] 
--- Checking: CDL Class A Driver Hotshot McAllen (cdl) ---
[2026-04-05 08:07:25] Extracted 0 posts from group
[2026-04-05 08:07:28] 
--- Checking: South Texas Oil Field Workers (oilfield) ---
[2026-04-05 08:07:42] Extracted 2 posts from group
[2026-04-05 08:07:45] 
--- Checking: Oilfield Job Fair (oilfield) ---
[2026-04-05 08:07:57] Extracted 1 posts from group
[2026-04-05 08:08:00] 
--- Checking: Real Oilfield jobs (oilfield) ---
[2026-04-05 08:08:11] Extracted 8 posts from group
[2026-04-05 08:08:14] 
--- Checking: Koch Specialty Plant Services McAllen (oilfield) ---
[2026-04-05 08:08:26] Extracted 10 posts from group
[2026-04-05 08:08:29] 
--- Checking: ABOUT SOUTH TEXAS (general) ---
[2026-04-05 08:08:41] Extracted 4 posts from group
[2026-04-05 08:08:44] 
--- Checking: Refinery Jobs Texas (refinery) ---
[2026-04-05 08:08:57] Extracted 7 posts from group
[2026-04-05 08:09:00] 
--- Checking: Unknown Group 1 (unknown) ---
[2026-04-05 08:09:13] Extracted 0 posts from group
[2026-04-05 08:09:16] 
--- Checking: Unknown Group 2 (unknown) ---
[2026-04-05 08:09:28] Extracted 7 posts from group
[2026-04-05 08:09:31] 
--- Checking: Unknown Group 3 (unknown) ---
[2026-04-05 08:09:48] Extracted 6 posts from group
[2026-04-05 08:09:51] 
--- Checking: Unknown Group 4 (unknown) ---
[2026-04-05 08:10:03] Extracted 1 posts from group
[2026-04-05 08:10:06] 
--- Checking: Unknown Group 5 (unknown) ---
[2026-04-05 08:10:18] Extracted 0 posts from group
[2026-04-05 08:10:21] 
--- Checking: Unknown Group 6 (unknown) ---
[2026-04-05 08:10:33] Extracted 0 posts from group
[2026-04-05 08:10:36] 
--- Checking: Unknown Group 7 (unknown) ---
[2026-04-05 08:10:48] Extracted 8 posts from group
[2026-04-05 08:10:51] 
--- Checking: Unknown Group 8 (unknown) ---
[2026-04-05 08:11:03] Extracted 6 posts from group
[2026-04-05 08:11:06] 
--- Checking: Unknown Group 9 (unknown) ---
[2026-04-05 08:11:18] Extracted 9 posts from group
[2026-04-05 08:11:21] 
--- Checking: Unknown Group 10 (unknown) ---
[2026-04-05 08:11:33] Extracted 2 posts from group
[2026-04-05 08:11:36] 
--- Checking: Unknown Group 11 (unknown) ---
[2026-04-05 08:11:47] Extracted 1 posts from group
[2026-04-05 08:11:50] 
--- Checking: Unknown Group 12 (unknown) ---
[2026-04-05 08:12:02] Extracted 1 posts from group
[2026-04-05 08:12:05] 
--- Checking: Unknown Group 13 (unknown) ---
[2026-04-05 08:12:17] Extracted 6 posts from group
[2026-04-05 08:12:20] 
--- Checking: Unknown Group 14 (unknown) ---
[2026-04-05 08:12:33] Extracted 0 posts from group
[2026-04-05 08:12:36] 
--- Checking: Unknown Group 15 (unknown) ---
[2026-04-05 08:12:47] Extracted 6 posts from group
[2026-04-05 08:12:50] 
--- Checking: Unknown Group 16 (unknown) ---
[2026-04-05 08:13:01] Extracted 0 posts from group
[2026-04-05 08:13:04] 
--- Checking: Unknown Group 17 (unknown) ---
[2026-04-05 08:13:16] Extracted 4 posts from group
[2026-04-05 08:13:19] 
--- Checking: Unknown Group 18 (unknown) ---
[2026-04-05 08:13:31] Extracted 0 posts from group
[2026-04-05 08:13:34] 
============================================================
[2026-04-05 08:13:34] MONITOR COMPLETE
[2026-04-05 08:13:34] Groups checked: 29/29
[2026-04-05 08:13:34] Responses posted: 0
[2026-04-05 08:13:34] ============================================================
[2026-04-12 18:18:23] ============================================================
[2026-04-12 18:18:23] STARTING OPTIMUM CLINIC FB MONITOR
[2026-04-12 18:18:23] ============================================================
[2026-04-12 18:18:32] 
--- Checking: Cdl jobs RGV (cdl) ---
[2026-04-12 18:18:44] Extracted 2 posts from group
[2026-04-12 18:18:47] 
--- Checking: CDL DRIVERS RIO GRANDE VALLEY (cdl) ---
[2026-04-12 18:19:02] Extracted 2 posts from group
[2026-04-12 18:19:05] 
--- Checking: RGV CDL & Hotshot drivers (cdl) ---
[2026-04-12 18:19:16] Extracted 1 posts from group
[2026-04-12 18:19:19] 
--- Checking: RGV Truck Drivers (cdl) ---
[2026-04-12 18:19:30] Extracted 1 posts from group
[2026-04-12 18:19:33] 
--- Checking: CDL Class A Driver Hotshot McAllen (cdl) ---
[2026-04-12 18:19:43] Extracted 1 posts from group
[2026-04-12 18:19:47] 
--- Checking: South Texas Oil Field Workers (oilfield) ---
[2026-04-12 18:19:58] Extracted 1 posts from group
[2026-04-12 18:20:01] 
--- Checking: Oilfield Job Fair (oilfield) ---
[2026-04-12 18:20:12] Extracted 3 posts from group
[2026-04-12 18:20:15] 
--- Checking: Real Oilfield jobs (oilfield) ---
[2026-04-12 18:20:25] Extracted 0 posts from group
[2026-04-12 18:20:28] 
--- Checking: Koch Specialty Plant Services McAllen (oilfield) ---
[2026-04-12 18:20:39] Extracted 0 posts from group
[2026-04-12 18:20:42] 
--- Checking: ABOUT SOUTH TEXAS (general) ---
[2026-04-12 18:20:53] Extracted 0 posts from group
[2026-04-12 18:20:56] 
--- Checking: Refinery Jobs Texas (refinery) ---
[2026-04-12 18:21:06] Extracted 0 posts from group
[2026-04-12 18:21:09] 
--- Checking: Unknown Group 1 (unknown) ---
[2026-04-12 18:21:20] Extracted 0 posts from group
[2026-04-12 18:21:23] 
--- Checking: Unknown Group 2 (unknown) ---
[2026-04-12 18:21:33] Extracted 0 posts from group
[2026-04-12 18:21:36] 
--- Checking: Unknown Group 3 (unknown) ---
[2026-04-12 18:21:47] Extracted 0 posts from group
[2026-04-12 18:21:50] 
--- Checking: Unknown Group 4 (unknown) ---
[2026-04-12 18:22:01] Extracted 0 posts from group
[2026-04-12 18:22:04] 
--- Checking: Unknown Group 5 (unknown) ---
[2026-04-12 18:22:14] Extracted 0 posts from group
[2026-04-12 18:22:17] 
--- Checking: Unknown Group 6 (unknown) ---
[2026-04-12 18:22:28] Extracted 0 posts from group
[2026-04-12 18:22:31] 
--- Checking: Unknown Group 7 (unknown) ---
[2026-04-12 18:22:41] Extracted 0 posts from group
[2026-04-12 18:22:44] 
--- Checking: Unknown Group 8 (unknown) ---
[2026-04-12 18:22:55] Extracted 0 posts from group
[2026-04-12 18:22:58] 
--- Checking: Unknown Group 9 (unknown) ---
[2026-04-12 18:23:08] Extracted 0 posts from group
[2026-04-12 18:23:11] 
--- Checking: Unknown Group 10 (unknown) ---
[2026-04-12 18:23:22] Extracted 0 posts from group
[2026-04-12 18:23:25] 
--- Checking: Unknown Group 11 (unknown) ---
[2026-04-12 18:23:35] Extracted 0 posts from group
[2026-04-12 18:23:38] 
--- Checking: Unknown Group 12 (unknown) ---
[2026-04-12 18:23:49] Extracted 0 posts from group
[2026-04-12 18:23:52] 
--- Checking: Unknown Group 13 (unknown) ---
[2026-04-12 18:24:03] Extracted 0 posts from group
[2026-04-12 18:24:06] 
--- Checking: Unknown Group 14 (unknown) ---
[2026-04-12 18:24:16] Extracted 0 posts from group
[2026-04-12 18:24:19] 
--- Checking: Unknown Group 15 (unknown) ---
[2026-04-12 18:24:30] Extracted 0 posts from group
[2026-04-12 18:24:33] 
--- Checking: Unknown Group 16 (unknown) ---
[2026-04-12 18:24:44] Extracted 0 posts from group
[2026-04-12 18:24:47] 
--- Checking: Unknown Group 17 (unknown) ---
[2026-04-12 18:24:58] Extracted 0 posts from group
[2026-04-12 18:25:01] 
--- Checking: Unknown Group 18 (unknown) ---
[2026-04-12 18:25:11] Extracted 0 posts from group
[2026-04-12 18:25:14] 
============================================================
[2026-04-12 18:25:14] MONITOR COMPLETE
[2026-04-12 18:25:14] Groups checked: 29/29
[2026-04-12 18:25:14] Responses posted: 0
[2026-04-12 18:25:14] ============================================================
[2026-04-13 08:06:18] ============================================================
[2026-04-13 08:06:18] STARTING OPTIMUM CLINIC FB MONITOR
[2026-04-13 08:06:18] ============================================================
[2026-04-13 08:06:27] 
--- Checking: Cdl jobs RGV (cdl) ---
[2026-04-13 08:06:39] Extracted 2 posts from group
[2026-04-13 08:06:42] 
--- Checking: CDL DRIVERS RIO GRANDE VALLEY (cdl) ---
[2026-04-13 08:06:56] Extracted 2 posts from group
[2026-04-13 08:06:59] 
--- Checking: RGV CDL & Hotshot drivers (cdl) ---
[2026-04-13 08:07:10] Extracted 1 posts from group
[2026-04-13 08:07:13] 
--- Checking: RGV Truck Drivers (cdl) ---
[2026-04-13 08:07:24] Extracted 1 posts from group
[2026-04-13 08:07:27] 
--- Checking: CDL Class A Driver Hotshot McAllen (cdl) ---
[2026-04-13 08:07:39] Extracted 1 posts from group
[2026-04-13 08:07:42] 
--- Checking: South Texas Oil Field Workers (oilfield) ---
[2026-04-13 08:07:53] Extracted 3 posts from group
[2026-04-13 08:07:56] 
--- Checking: Oilfield Job Fair (oilfield) ---
[2026-04-13 08:08:07] Extracted 0 posts from group
[2026-04-13 08:08:10] 
--- Checking: Real Oilfield jobs (oilfield) ---
[2026-04-13 08:08:20] Extracted 0 posts from group
[2026-04-13 08:08:23] 
--- Checking: Koch Specialty Plant Services McAllen (oilfield) ---
[2026-04-13 08:08:34] Extracted 0 posts from group
[2026-04-13 08:08:37] 
--- Checking: ABOUT SOUTH TEXAS (general) ---
[2026-04-13 08:08:47] Extracted 0 posts from group
[2026-04-13 08:08:50] 
--- Checking: Refinery Jobs Texas (refinery) ---
[2026-04-13 08:09:01] Extracted 0 posts from group
[2026-04-13 08:09:04] 
--- Checking: Unknown Group 1 (unknown) ---
[2026-04-13 08:09:14] Extracted 0 posts from group
[2026-04-13 08:09:17] 
--- Checking: Unknown Group 2 (unknown) ---
[2026-04-13 08:09:28] Extracted 0 posts from group
[2026-04-13 08:09:31] 
--- Checking: Unknown Group 3 (unknown) ---
[2026-04-13 08:09:41] Extracted 0 posts from group
[2026-04-13 08:09:44] 
--- Checking: Unknown Group 4 (unknown) ---
[2026-04-13 08:09:55] Extracted 0 posts from group
[2026-04-13 08:09:58] 
--- Checking: Unknown Group 5 (unknown) ---
[2026-04-13 08:10:09] Extracted 0 posts from group
[2026-04-13 08:10:12] 
--- Checking: Unknown Group 6 (unknown) ---
[2026-04-13 08:10:22] Extracted 0 posts from group
[2026-04-13 08:10:25] 
--- Checking: Unknown Group 7 (unknown) ---
[2026-04-13 08:10:36] Extracted 0 posts from group
[2026-04-13 08:10:39] 
--- Checking: Unknown Group 8 (unknown) ---
[2026-04-13 08:10:49] Extracted 0 posts from group
[2026-04-13 08:10:52] 
--- Checking: Unknown Group 9 (unknown) ---
[2026-04-13 08:11:03] Extracted 0 posts from group
[2026-04-13 08:11:06] 
--- Checking: Unknown Group 10 (unknown) ---
[2026-04-13 08:11:16] Extracted 0 posts from group
[2026-04-13 08:11:21] ============================================================
[2026-04-13 08:11:21] STARTING OPTIMUM CLINIC FB MONITOR
[2026-04-13 08:11:21] ============================================================
[2026-04-13 08:11:28] 
--- Checking: Cdl jobs RGV (cdl) ---
[2026-04-13 08:11:40] Extracted 2 posts from group
[2026-04-13 08:11:43] 
--- Checking: CDL DRIVERS RIO GRANDE VALLEY (cdl) ---
[2026-04-13 08:11:56] Extracted 2 posts from group
[2026-04-13 08:11:59] 
--- Checking: RGV CDL & Hotshot drivers (cdl) ---
[2026-04-13 08:12:10] Extracted 1 posts from group
[2026-04-13 08:12:13] 
--- Checking: RGV Truck Drivers (cdl) ---
[2026-04-13 08:12:24] Extracted 1 posts from group
[2026-04-13 08:12:27] 
--- Checking: CDL Class A Driver Hotshot McAllen (cdl) ---
[2026-04-13 08:12:38] Extracted 1 posts from group
[2026-04-13 08:12:41] 
--- Checking: South Texas Oil Field Workers (oilfield) ---
[2026-04-13 08:12:52] Extracted 3 posts from group
[2026-04-13 08:12:55] 
--- Checking: Oilfield Job Fair (oilfield) ---
[2026-04-13 08:13:06] Extracted 3 posts from group
[2026-04-13 08:13:09] 
--- Checking: Real Oilfield jobs (oilfield) ---
[2026-04-13 08:13:19] Extracted 0 posts from group
[2026-04-13 08:13:22] 
--- Checking: Koch Specialty Plant Services McAllen (oilfield) ---
[2026-04-13 08:13:33] Extracted 0 posts from group
[2026-04-13 08:13:36] 
--- Checking: ABOUT SOUTH TEXAS (general) ---
[2026-04-13 08:13:46] Extracted 0 posts from group
[2026-04-13 08:13:49] 
--- Checking: Refinery Jobs Texas (refinery) ---
[2026-04-13 08:14:00] Extracted 0 posts from group
[2026-04-13 08:14:03] 
--- Checking: Unknown Group 1 (unknown) ---
[2026-04-13 08:14:13] Extracted 0 posts from group
[2026-04-13 08:14:16] 
--- Checking: Unknown Group 2 (unknown) ---
[2026-04-13 08:14:27] Extracted 0 posts from group
[2026-04-13 08:14:30] 
--- Checking: Unknown Group 3 (unknown) ---
[2026-04-13 08:14:40] Extracted 0 posts from group
[2026-04-13 08:14:43] 
--- Checking: Unknown Group 4 (unknown) ---
[2026-04-13 08:14:54] Extracted 0 posts from group
[2026-04-13 08:14:57] 
--- Checking: Unknown Group 5 (unknown) ---
[2026-04-13 08:15:07] Extracted 0 posts from group
[2026-04-13 08:15:10] 
--- Checking: Unknown Group 6 (unknown) ---
[2026-04-13 08:15:21] Extracted 0 posts from group
[2026-04-13 08:15:24] 
--- Checking: Unknown Group 7 (unknown) ---
[2026-04-13 08:15:34] Extracted 0 posts from group
[2026-04-13 08:15:37] 
--- Checking: Unknown Group 8 (unknown) ---
[2026-04-13 08:15:48] Extracted 0 posts from group
[2026-04-13 08:15:51] 
--- Checking: Unknown Group 9 (unknown) ---
[2026-04-13 08:16:01] Extracted 0 posts from group
[2026-04-13 08:16:04] 
--- Checking: Unknown Group 10 (unknown) ---
[2026-04-13 08:16:15] Extracted 0 posts from group
[2026-04-13 08:16:18] 
--- Checking: Unknown Group 11 (unknown) ---
[2026-04-13 08:16:28] Extracted 0 posts from group
[2026-04-13 08:16:31] 
--- Checking: Unknown Group 12 (unknown) ---
[2026-04-13 08:16:42] Extracted 0 posts from group
[2026-04-13 08:16:45] 
--- Checking: Unknown Group 13 (unknown) ---
[2026-04-13 08:16:55] Extracted 0 posts from group
[2026-04-13 08:16:58] 
--- Checking: Unknown Group 14 (unknown) ---
[2026-04-13 08:17:08] Extracted 0 posts from group
[2026-04-13 08:17:11] 
--- Checking: Unknown Group 15 (unknown) ---
[2026-04-13 08:17:22] Extracted 0 posts from group
[2026-04-13 08:17:25] 
--- Checking: Unknown Group 16 (unknown) ---
[2026-04-13 08:17:36] Extracted 0 posts from group
[2026-04-13 08:17:39] 
--- Checking: Unknown Group 17 (unknown) ---
[2026-04-13 08:17:49] Extracted 0 posts from group
[2026-04-13 08:17:52] 
--- Checking: Unknown Group 18 (unknown) ---
[2026-04-13 08:18:03] Extracted 0 posts from group
[2026-04-13 08:18:06] 
============================================================
[2026-04-13 08:18:06] MONITOR COMPLETE
[2026-04-13 08:18:06] Groups checked: 29/29
[2026-04-13 08:18:06] Responses posted: 0
[2026-04-13 08:18:06] ============================================================
[2026-04-13 18:00:53] ============================================================
[2026-04-13 18:00:53] STARTING OPTIMUM CLINIC FB MONITOR
[2026-04-13 18:00:53] ============================================================
[2026-04-13 18:01:00] 
--- Checking: Cdl jobs RGV (cdl) ---
[2026-04-13 18:01:11] Extracted 1 posts from group
[2026-04-13 18:01:14] 
--- Checking: CDL DRIVERS RIO GRANDE VALLEY (cdl) ---
[2026-04-13 18:01:27] Extracted 2 posts from group
[2026-04-13 18:01:30] 
--- Checking: RGV CDL & Hotshot drivers (cdl) ---
[2026-04-13 18:01:41] Extracted 2 posts from group
[2026-04-13 18:01:44] 
--- Checking: RGV Truck Drivers (cdl) ---
[2026-04-13 18:01:54] Extracted 1 posts from group
[2026-04-13 18:01:57] 
--- Checking: CDL Class A Driver Hotshot McAllen (cdl) ---
[2026-04-13 18:02:08] Extracted 1 posts from group
[2026-04-13 18:02:11] 
--- Checking: South Texas Oil Field Workers (oilfield) ---
[2026-04-13 18:02:22] Extracted 3 posts from group
[2026-04-13 18:02:25] 
--- Checking: Oilfield Job Fair (oilfield) ---
[2026-04-13 18:02:36] Extracted 1 posts from group
[2026-04-13 18:02:39] 
--- Checking: Real Oilfield jobs (oilfield) ---
[2026-04-13 18:02:50] Extracted 0 posts from group
[2026-04-13 18:02:53] 
--- Checking: Koch Specialty Plant Services McAllen (oilfield) ---
[2026-04-13 18:03:03] Extracted 0 posts from group
[2026-04-13 18:03:06] 
--- Checking: ABOUT SOUTH TEXAS (general) ---
[2026-04-13 18:03:17] Extracted 0 posts from group
[2026-04-13 18:03:20] 
--- Checking: Refinery Jobs Texas (refinery) ---
[2026-04-13 18:03:30] Extracted 0 posts from group
[2026-04-13 18:03:33] 
--- Checking: Unknown Group 1 (unknown) ---
[2026-04-13 18:03:44] Extracted 0 posts from group
[2026-04-13 18:03:47] 
--- Checking: Unknown Group 2 (unknown) ---
[2026-04-13 18:03:57] Extracted 0 posts from group
[2026-04-13 18:04:00] 
--- Checking: Unknown Group 3 (unknown) ---
[2026-04-13 18:04:11] Extracted 0 posts from group
[2026-04-13 18:04:14] 
--- Checking: Unknown Group 4 (unknown) ---
[2026-04-13 18:04:24] Extracted 0 posts from group
[2026-04-13 18:04:27] 
--- Checking: Unknown Group 5 (unknown) ---
[2026-04-13 18:04:38] Extracted 0 posts from group
[2026-04-13 18:04:41] 
--- Checking: Unknown Group 6 (unknown) ---
[2026-04-13 18:04:51] Extracted 0 posts from group
[2026-04-13 18:04:55] 
--- Checking: Unknown Group 7 (unknown) ---
[2026-04-13 18:05:05] Extracted 0 posts from group
[2026-04-13 18:05:08] 
--- Checking: Unknown Group 8 (unknown) ---
[2026-04-13 18:05:18] Extracted 0 posts from group
[2026-04-13 18:05:21] 
--- Checking: Unknown Group 9 (unknown) ---
[2026-04-13 18:05:32] Extracted 0 posts from group
[2026-04-13 18:05:35] 
--- Checking: Unknown Group 10 (unknown) ---
[2026-04-14 08:04:15] ============================================================
[2026-04-14 08:04:15] STARTING OPTIMUM CLINIC FB MONITOR
[2026-04-14 08:04:15] ============================================================
[2026-04-14 08:04:23] 
--- Checking: Cdl jobs RGV (cdl) ---
[2026-04-14 08:04:33] Extracted 0 posts from group
[2026-04-14 08:04:36] 
--- Checking: CDL DRIVERS RIO GRANDE VALLEY (cdl) ---
[2026-04-14 08:04:47] Extracted 0 posts from group
[2026-04-14 08:04:50] 
--- Checking: RGV CDL & Hotshot drivers (cdl) ---
[2026-04-14 08:05:00] Extracted 0 posts from group
[2026-04-14 08:05:03] 
--- Checking: RGV Truck Drivers (cdl) ---
[2026-04-14 08:05:14] Extracted 0 posts from group
[2026-04-14 08:05:17] 
--- Checking: CDL Class A Driver Hotshot McAllen (cdl) ---
[2026-04-14 08:05:28] Extracted 0 posts from group
[2026-04-14 08:05:31] 
--- Checking: South Texas Oil Field Workers (oilfield) ---
[2026-04-14 08:05:42] Extracted 0 posts from group
[2026-04-14 08:05:45] 
--- Checking: Oilfield Job Fair (oilfield) ---
[2026-04-14 08:05:55] Extracted 0 posts from group
[2026-04-14 08:05:58] 
--- Checking: Real Oilfield jobs (oilfield) ---
[2026-04-14 08:06:09] Extracted 0 posts from group
[2026-04-14 08:06:12] 
--- Checking: Koch Specialty Plant Services McAllen (oilfield) ---
[2026-04-14 08:06:22] Extracted 0 posts from group
[2026-04-14 08:06:25] 
--- Checking: ABOUT SOUTH TEXAS (general) ---
[2026-04-14 08:06:36] Extracted 0 posts from group
[2026-04-14 08:06:39] 
--- Checking: Refinery Jobs Texas (refinery) ---
[2026-04-14 08:06:50] Extracted 0 posts from group
[2026-04-14 08:06:53] 
--- Checking: Unknown Group 1 (unknown) ---
[2026-04-14 08:07:03] Extracted 0 posts from group
[2026-04-14 08:07:06] 
--- Checking: Unknown Group 2 (unknown) ---
[2026-04-14 08:07:17] Extracted 0 posts from group
[2026-04-14 08:07:20] 
--- Checking: Unknown Group 3 (unknown) ---
[2026-04-14 08:07:30] Extracted 0 posts from group
[2026-04-14 08:07:33] 
--- Checking: Unknown Group 4 (unknown) ---
[2026-04-14 08:07:44] Extracted 0 posts from group
[2026-04-14 08:07:47] 
--- Checking: Unknown Group 5 (unknown) ---
[2026-04-14 08:07:58] Extracted 0 posts from group
[2026-04-14 08:08:01] 
--- Checking: Unknown Group 6 (unknown) ---
[2026-04-14 08:08:11] Extracted 0 posts from group
[2026-04-14 08:08:15] 
--- Checking: Unknown Group 7 (unknown) ---
[2026-04-14 08:08:25] Extracted 0 posts from group
[2026-04-14 08:08:28] 
--- Checking: Unknown Group 8 (unknown) ---
[2026-04-14 08:08:39] Extracted 0 posts from group
[2026-04-14 08:08:42] 
--- Checking: Unknown Group 9 (unknown) ---
[2026-04-14 08:08:52] Extracted 0 posts from group
[2026-04-14 08:08:55] 
--- Checking: Unknown Group 10 (unknown) ---
[2026-04-14 08:09:06] Extracted 0 posts from group
[2026-04-14 08:09:09] 
--- Checking: Unknown Group 11 (unknown) ---
[2026-04-14 08:09:19] Extracted 0 posts from group
[2026-04-14 08:09:22] 
--- Checking: Unknown Group 12 (unknown) ---
[2026-04-14 08:09:33] Extracted 0 posts from group
[2026-04-14 08:09:36] 
--- Checking: Unknown Group 13 (unknown) ---
[2026-04-14 08:09:46] Extracted 0 posts from group
[2026-04-14 08:09:49] 
--- Checking: Unknown Group 14 (unknown) ---
[2026-04-14 08:10:00] Extracted 0 posts from group
[2026-04-14 08:10:03] 
--- Checking: Unknown Group 15 (unknown) ---
[2026-04-14 08:10:13] Extracted 0 posts from group
[2026-04-14 08:10:16] 
--- Checking: Unknown Group 16 (unknown) ---
[2026-04-14 08:10:27] Extracted 0 posts from group
[2026-04-14 08:10:30] 
--- Checking: Unknown Group 17 (unknown) ---
[2026-04-14 08:10:41] Extracted 0 posts from group
[2026-04-14 08:10:44] 
--- Checking: Unknown Group 18 (unknown) ---
[2026-04-14 08:10:54] Extracted 0 posts from group
[2026-04-14 08:10:57] 
============================================================
[2026-04-14 08:10:57] MONITOR COMPLETE
[2026-04-14 08:10:58] Groups checked: 29/29
[2026-04-14 08:10:58] Responses posted: 0
[2026-04-14 08:10:58] ============================================================
[2026-04-14 19:36:39] ============================================================
[2026-04-14 19:36:39] STARTING OPTIMUM CLINIC FB MONITOR
[2026-04-14 19:36:39] ============================================================
[2026-04-14 19:36:48] 
--- Checking: Cdl jobs RGV (cdl) ---
[2026-04-14 19:36:59] Extracted 3 posts from group
[2026-04-14 19:37:02] 
--- Checking: CDL DRIVERS RIO GRANDE VALLEY (cdl) ---
[2026-04-14 19:37:16] Extracted 12 posts from group
[2026-04-14 19:37:19] 
--- Checking: RGV CDL & Hotshot drivers (cdl) ---
[2026-04-14 19:37:30] Extracted 2 posts from group
[2026-04-14 19:37:33] 
--- Checking: RGV Truck Drivers (cdl) ---
[2026-04-14 19:37:44] Extracted 1 posts from group
[2026-04-14 19:37:47] 
--- Checking: CDL Class A Driver Hotshot McAllen (cdl) ---
[2026-04-14 19:37:59] Extracted 1 posts from group
[2026-04-14 19:38:02] 
--- Checking: South Texas Oil Field Workers (oilfield) ---
[2026-04-14 19:38:03] ERROR processing group South Texas Oil Field Workers: Page.goto: Connection closed while reading from the driver
[2026-04-14 19:38:03] 
--- Checking: Oilfield Job Fair (oilfield) ---
[2026-04-14 19:38:03] ERROR processing group Oilfield Job Fair: Page.goto: Connection closed while reading from the driver
[2026-04-14 19:38:03] 
--- Checking: Real Oilfield jobs (oilfield) ---
[2026-04-14 19:38:03] ERROR processing group Real Oilfield jobs: Page.goto: Connection closed while reading from the driver
[2026-04-14 19:38:03] 
--- Checking: Koch Specialty Plant Services McAllen (oilfield) ---
[2026-04-14 19:38:03] ERROR processing group Koch Specialty Plant Services McAllen: Page.goto: Connection closed while reading from the driver
[2026-04-14 19:38:03] 
--- Checking: ABOUT SOUTH TEXAS (general) ---
[2026-04-14 19:38:03] ERROR processing group ABOUT SOUTH TEXAS: Page.goto: Connection closed while reading from the driver
[2026-04-14 19:38:03] 
--- Checking: Refinery Jobs Texas (refinery) ---
[2026-04-14 19:38:03] ERROR processing group Refinery Jobs Texas: Page.goto: Connection closed while reading from the driver
[2026-04-14 19:38:03] 
--- Checking: Unknown Group 1 (unknown) ---
[2026-04-14 19:38:03] ERROR processing group Unknown Group 1: Page.goto: Connection closed while reading from the driver
[2026-04-14 19:38:03] 
--- Checking: Unknown Group 2 (unknown) ---
[2026-04-14 19:38:03] ERROR processing group Unknown Group 2: Page.goto: Connection closed while reading from the driver
[2026-04-14 19:38:03] 
--- Checking: Unknown Group 3 (unknown) ---
[2026-04-14 19:38:03] ERROR processing group Unknown Group 3: Page.goto: Connection closed while reading from the driver
[2026-04-14 19:38:03] 
--- Checking: Unknown Group 4 (unknown) ---
[2026-04-14 19:38:03] ERROR processing group Unknown Group 4: Page.goto: Connection closed while reading from the driver
[2026-04-14 19:38:03] 
--- Checking: Unknown Group 5 (unknown) ---
[2026-04-14 19:38:03] ERROR processing group Unknown Group 5: Page.goto: Connection closed while reading from the driver
[2026-04-14 19:38:04] 
--- Checking: Unknown Group 6 (unknown) ---
[2026-04-14 19:38:04] ERROR processing group Unknown Group 6: Page.goto: Connection closed while reading from the driver
[2026-04-14 19:38:04] 
--- Checking: Unknown Group 7 (unknown) ---
[2026-04-14 19:38:04] ERROR processing group Unknown Group 7: Page.goto: Connection closed while reading from the driver
[2026-04-14 19:38:04] 
--- Checking: Unknown Group 8 (unknown) ---
[2026-04-14 19:38:04] ERROR processing group Unknown Group 8: Page.goto: Connection closed while reading from the driver
[2026-04-14 19:38:04] 
--- Checking: Unknown Group 9 (unknown) ---
[2026-04-14 19:38:04] ERROR processing group Unknown Group 9: Page.goto: Connection closed while reading from the driver
[2026-04-14 19:38:04] 
--- Checking: Unknown Group 10 (unknown) ---
[2026-04-14 19:38:04] ERROR processing group Unknown Group 10: Page.goto: Connection closed while reading from the driver
[2026-04-14 19:38:04] 
--- Checking: Unknown Group 11 (unknown) ---
[2026-04-14 19:38:04] ERROR processing group Unknown Group 11: Page.goto: Connection closed while reading from the driver
[2026-04-14 19:38:04] 
--- Checking: Unknown Group 12 (unknown) ---
[2026-04-14 19:38:04] ERROR processing group Unknown Group 12: Page.goto: Connection closed while reading from the driver
[2026-04-14 19:38:04] 
--- Checking: Unknown Group 13 (unknown) ---
[2026-04-14 19:38:04] ERROR processing group Unknown Group 13: Page.goto: Connection closed while reading from the driver
[2026-04-14 19:38:04] 
--- Checking: Unknown Group 14 (unknown) ---
[2026-04-14 19:38:04] ERROR processing group Unknown Group 14: Page.goto: Connection closed while reading from the driver
[2026-04-14 19:38:04] 
--- Checking: Unknown Group 15 (unknown) ---
[2026-04-14 19:38:04] ERROR processing group Unknown Group 15: Page.goto: Connection closed while reading from the driver
[2026-04-14 19:38:04] 
--- Checking: Unknown Group 16 (unknown) ---
[2026-04-14 19:38:04] ERROR processing group Unknown Group 16: Page.goto: Connection closed while reading from the driver
[2026-04-14 19:38:04] 
--- Checking: Unknown Group 17 (unknown) ---
[2026-04-14 19:38:04] ERROR processing group Unknown Group 17: Page.goto: Connection closed while reading from the driver
[2026-04-14 19:38:04] 
--- Checking: Unknown Group 18 (unknown) ---
[2026-04-14 19:38:04] ERROR processing group Unknown Group 18: Page.goto: Connection closed while reading from the driver
[2026-04-14 19:38:04] 
============================================================
[2026-04-14 19:38:04] MONITOR COMPLETE
[2026-04-14 19:38:04] Groups checked: 5/29
[2026-04-14 19:38:04] Responses posted: 0
[2026-04-14 19:38:04] ============================================================
[2026-04-15 08:08:34] ============================================================
[2026-04-15 08:08:34] STARTING OPTIMUM CLINIC FB MONITOR
[2026-04-15 08:08:34] ============================================================
[2026-04-15 08:08:43] 
--- Checking: Cdl jobs RGV (cdl) ---
[2026-04-15 08:08:54] Extracted 3 posts from group
[2026-04-15 08:08:57] 
--- Checking: CDL DRIVERS RIO GRANDE VALLEY (cdl) ---
[2026-04-15 08:09:10] Extracted 2 posts from group
[2026-04-15 08:09:13] 
--- Checking: RGV CDL & Hotshot drivers (cdl) ---
[2026-04-15 08:09:25] Extracted 1 posts from group
[2026-04-15 08:09:28] 
--- Checking: RGV Truck Drivers (cdl) ---
[2026-04-15 08:09:39] Extracted 1 posts from group
[2026-04-15 08:09:42] 
--- Checking: CDL Class A Driver Hotshot McAllen (cdl) ---
[2026-04-15 08:09:53] Extracted 1 posts from group
[2026-04-15 08:09:56] 
--- Checking: South Texas Oil Field Workers (oilfield) ---
[2026-04-15 08:10:02] ERROR extracting posts: Page.evaluate: Target page, context or browser has been closed
[2026-04-15 08:10:05] 
--- Checking: Oilfield Job Fair (oilfield) ---
[2026-04-15 08:10:05] ERROR processing group Oilfield Job Fair: Page.goto: Target page, context or browser has been closed
[2026-04-15 08:10:05] 
--- Checking: Real Oilfield jobs (oilfield) ---
[2026-04-15 08:10:05] ERROR processing group Real Oilfield jobs: Page.goto: Target page, context or browser has been closed
[2026-04-15 08:10:05] 
--- Checking: Koch Specialty Plant Services McAllen (oilfield) ---
[2026-04-15 08:10:05] ERROR processing group Koch Specialty Plant Services McAllen: Page.goto: Target page, context or browser has been closed
[2026-04-15 08:10:05] 
--- Checking: ABOUT SOUTH TEXAS (general) ---
[2026-04-15 08:10:05] ERROR processing group ABOUT SOUTH TEXAS: Page.goto: Target page, context or browser has been closed
[2026-04-15 08:10:05] 
--- Checking: Refinery Jobs Texas (refinery) ---
[2026-04-15 08:10:05] ERROR processing group Refinery Jobs Texas: Page.goto: Target page, context or browser has been closed
[2026-04-15 08:10:05] 
--- Checking: Unknown Group 1 (unknown) ---
[2026-04-15 08:10:05] ERROR processing group Unknown Group 1: Page.goto: Target page, context or browser has been closed
[2026-04-15 08:10:05] 
--- Checking: Unknown Group 2 (unknown) ---
[2026-04-15 08:10:05] ERROR processing group Unknown Group 2: Page.goto: Target page, context or browser has been closed
[2026-04-15 08:10:05] 
--- Checking: Unknown Group 3 (unknown) ---
[2026-04-15 08:10:05] ERROR processing group Unknown Group 3: Page.goto: Target page, context or browser has been closed
[2026-04-15 08:10:05] 
--- Checking: Unknown Group 4 (unknown) ---
[2026-04-15 08:10:05] ERROR processing group Unknown Group 4: Page.goto: Target page, context or browser has been closed
[2026-04-15 08:10:05] 
--- Checking: Unknown Group 5 (unknown) ---
[2026-04-15 08:10:05] ERROR processing group Unknown Group 5: Page.goto: Target page, context or browser has been closed
[2026-04-15 08:10:05] 
--- Checking: Unknown Group 6 (unknown) ---
[2026-04-15 08:10:05] ERROR processing group Unknown Group 6: Page.goto: Target page, context or browser has been closed
[2026-04-15 08:10:05] 
--- Checking: Unknown Group 7 (unknown) ---
[2026-04-15 08:10:05] ERROR processing group Unknown Group 7: Page.goto: Target page, context or browser has been closed
[2026-04-15 08:10:05] 
--- Checking: Unknown Group 8 (unknown) ---
[2026-04-15 08:10:05] ERROR processing group Unknown Group 8: Page.goto: Target page, context or browser has been closed
[2026-04-15 08:10:05] 
--- Checking: Unknown Group 9 (unknown) ---
[2026-04-15 08:10:05] ERROR processing group Unknown Group 9: Page.goto: Target page, context or browser has been closed
[2026-04-15 08:10:05] 
--- Checking: Unknown Group 10 (unknown) ---
[2026-04-15 08:10:05] ERROR processing group Unknown Group 10: Page.goto: Target page, context or browser has been closed
[2026-04-15 08:10:05] 
--- Checking: Unknown Group 11 (unknown) ---
[2026-04-15 08:10:05] ERROR processing group Unknown Group 11: Page.goto: Target page, context or browser has been closed
[2026-04-15 08:10:05] 
--- Checking: Unknown Group 12 (unknown) ---
[2026-04-15 08:10:05] ERROR processing group Unknown Group 12: Page.goto: Target page, context or browser has been closed
[2026-04-15 08:10:05] 
--- Checking: Unknown Group 13 (unknown) ---
[2026-04-15 08:10:05] ERROR processing group Unknown Group 13: Page.goto: Target page, context or browser has been closed
[2026-04-15 08:10:05] 
--- Checking: Unknown Group 14 (unknown) ---
[2026-04-15 08:10:05] ERROR processing group Unknown Group 14: Page.goto: Target page, context or browser has been closed
[2026-04-15 08:10:05] 
--- Checking: Unknown Group 15 (unknown) ---
[2026-04-15 08:10:05] ERROR processing group Unknown Group 15: Page.goto: Target page, context or browser has been closed
[2026-04-15 08:10:05] 
--- Checking: Unknown Group 16 (unknown) ---
[2026-04-15 08:10:05] ERROR processing group Unknown Group 16: Page.goto: Target page, context or browser has been closed
[2026-04-15 08:10:05] 
--- Checking: Unknown Group 17 (unknown) ---
[2026-04-15 08:10:05] ERROR processing group Unknown Group 17: Page.goto: Target page, context or browser has been closed
[2026-04-15 08:10:05] 
--- Checking: Unknown Group 18 (unknown) ---
[2026-04-15 08:10:05] ERROR processing group Unknown Group 18: Page.goto: Target page, context or browser has been closed
[2026-04-15 08:10:05] 
============================================================
[2026-04-15 08:10:05] MONITOR COMPLETE
[2026-04-15 08:10:05] Groups checked: 6/29
[2026-04-15 08:10:05] Responses posted: 0
[2026-04-15 08:10:05] ============================================================
[2026-04-15 18:01:23] ============================================================
[2026-04-15 18:01:23] STARTING OPTIMUM CLINIC FB MONITOR
[2026-04-15 18:01:23] ============================================================
[2026-04-15 18:01:31] 
--- Checking: Cdl jobs RGV (cdl) ---
[2026-04-15 18:01:42] Extracted 0 posts from group
[2026-04-15 18:01:45] 
--- Checking: CDL DRIVERS RIO GRANDE VALLEY (cdl) ---
[2026-04-15 18:01:56] Extracted 0 posts from group
[2026-04-15 18:01:59] 
--- Checking: RGV CDL & Hotshot drivers (cdl) ---
[2026-04-15 18:02:09] Extracted 0 posts from group
[2026-04-15 18:02:12] 
--- Checking: RGV Truck Drivers (cdl) ---
[2026-04-15 18:02:23] Extracted 0 posts from group
[2026-04-15 18:02:26] 
--- Checking: CDL Class A Driver Hotshot McAllen (cdl) ---
[2026-04-15 18:02:36] Extracted 0 posts from group
[2026-04-15 18:02:39] 
--- Checking: South Texas Oil Field Workers (oilfield) ---
[2026-04-15 18:02:50] Extracted 0 posts from group
[2026-04-15 18:02:53] 
--- Checking: Oilfield Job Fair (oilfield) ---
[2026-04-15 18:03:04] Extracted 0 posts from group
[2026-04-15 18:03:07] 
--- Checking: Real Oilfield jobs (oilfield) ---
[2026-04-15 18:03:17] Extracted 0 posts from group
[2026-04-15 18:03:20] 
--- Checking: Koch Specialty Plant Services McAllen (oilfield) ---
[2026-04-15 18:03:31] Extracted 0 posts from group
[2026-04-15 18:03:34] 
--- Checking: ABOUT SOUTH TEXAS (general) ---
[2026-04-15 18:03:44] Extracted 0 posts from group
[2026-04-15 18:03:47] 
--- Checking: Refinery Jobs Texas (refinery) ---
[2026-04-15 18:03:58] Extracted 0 posts from group
[2026-04-15 18:04:01] 
--- Checking: Unknown Group 1 (unknown) ---
[2026-04-15 18:04:12] Extracted 0 posts from group
[2026-04-15 18:04:15] 
--- Checking: Unknown Group 2 (unknown) ---
[2026-04-15 18:04:25] Extracted 0 posts from group
[2026-04-15 18:04:28] 
--- Checking: Unknown Group 3 (unknown) ---
[2026-04-15 18:04:39] Extracted 0 posts from group
[2026-04-15 18:04:42] 
--- Checking: Unknown Group 4 (unknown) ---
[2026-04-15 18:04:52] Extracted 0 posts from group
[2026-04-15 18:04:55] 
--- Checking: Unknown Group 5 (unknown) ---
[2026-04-15 18:05:06] Extracted 0 posts from group
[2026-04-15 18:05:09] 
--- Checking: Unknown Group 6 (unknown) ---
[2026-04-15 18:05:20] Extracted 0 posts from group
[2026-04-15 18:05:23] 
--- Checking: Unknown Group 7 (unknown) ---
[2026-04-15 18:05:34] Extracted 0 posts from group
[2026-04-15 18:05:37] 
--- Checking: Unknown Group 8 (unknown) ---
[2026-04-15 18:05:48] Extracted 0 posts from group
[2026-04-15 18:05:51] 
--- Checking: Unknown Group 9 (unknown) ---
[2026-04-15 18:06:02] Extracted 0 posts from group
[2026-04-15 18:06:05] 
--- Checking: Unknown Group 10 (unknown) ---
[2026-04-15 18:06:16] Extracted 0 posts from group
[2026-04-15 18:06:19] 
--- Checking: Unknown Group 11 (unknown) ---
[2026-04-15 18:06:29] Extracted 0 posts from group
[2026-04-15 18:06:32] 
--- Checking: Unknown Group 12 (unknown) ---
[2026-04-15 18:06:43] Extracted 0 posts from group
[2026-04-15 18:06:46] 
--- Checking: Unknown Group 13 (unknown) ---
[2026-04-15 18:06:56] Extracted 0 posts from group
[2026-04-15 18:06:59] 
--- Checking: Unknown Group 14 (unknown) ---
[2026-04-15 18:07:10] Extracted 0 posts from group
[2026-04-15 18:07:13] 
--- Checking: Unknown Group 15 (unknown) ---
[2026-04-15 18:07:24] Extracted 0 posts from group
[2026-04-15 18:07:27] 
--- Checking: Unknown Group 16 (unknown) ---
[2026-04-15 18:07:37] Extracted 0 posts from group
[2026-04-15 18:07:40] 
--- Checking: Unknown Group 17 (unknown) ---
[2026-04-15 18:07:51] Extracted 0 posts from group
[2026-04-15 18:07:54] 
--- Checking: Unknown Group 18 (unknown) ---
[2026-04-15 18:08:05] Extracted 0 posts from group
[2026-04-15 18:08:08] 
============================================================
[2026-04-15 18:08:08] MONITOR COMPLETE
[2026-04-15 18:08:08] Groups checked: 29/29
[2026-04-15 18:08:08] Responses posted: 0
[2026-04-15 18:08:08] ============================================================
[2026-04-20 01:54:36] ============================================================
[2026-04-20 01:54:36] STARTING OPTIMUM CLINIC FB MONITOR
[2026-04-20 01:54:36] ============================================================
[2026-04-20 01:54:44] 
--- Checking: Cdl jobs RGV (cdl) ---
[2026-04-20 01:54:55] Extracted 1 posts from group
[2026-04-20 01:54:58] 
--- Checking: CDL DRIVERS RIO GRANDE VALLEY (cdl) ---
[2026-04-20 01:55:10] Extracted 2 posts from group
[2026-04-20 01:55:13] 
--- Checking: RGV CDL & Hotshot drivers (cdl) ---
[2026-04-20 01:55:24] Extracted 2 posts from group
[2026-04-20 01:55:27] 
--- Checking: RGV Truck Drivers (cdl) ---
[2026-04-20 01:55:38] Extracted 1 posts from group
[2026-04-20 01:55:41] 
--- Checking: CDL Class A Driver Hotshot McAllen (cdl) ---
[2026-04-20 01:55:52] Extracted 1 posts from group
[2026-04-20 01:55:55] 
--- Checking: South Texas Oil Field Workers (oilfield) ---
[2026-04-20 01:56:06] Extracted 1 posts from group
[2026-04-20 01:56:09] 
--- Checking: Oilfield Job Fair (oilfield) ---
[2026-04-20 01:56:20] Extracted 1 posts from group
[2026-04-20 01:56:23] 
--- Checking: Real Oilfield jobs (oilfield) ---
[2026-04-20 01:56:34] Extracted 3 posts from group
[2026-04-20 01:56:37] 
--- Checking: Koch Specialty Plant Services McAllen (oilfield) ---
[2026-04-20 01:56:48] Extracted 0 posts from group
[2026-04-20 01:56:51] 
--- Checking: ABOUT SOUTH TEXAS (general) ---
[2026-04-20 01:57:01] Extracted 0 posts from group
[2026-04-20 01:57:04] 
--- Checking: Refinery Jobs Texas (refinery) ---
[2026-04-20 01:57:15] Extracted 0 posts from group
[2026-04-20 01:57:18] 
--- Checking: Unknown Group 1 (unknown) ---
[2026-04-20 01:57:29] Extracted 0 posts from group
[2026-04-20 01:57:32] 
--- Checking: Unknown Group 2 (unknown) ---
[2026-04-20 01:57:42] Extracted 0 posts from group
[2026-04-20 01:57:45] 
--- Checking: Unknown Group 3 (unknown) ---
[2026-04-20 01:57:56] Extracted 0 posts from group
[2026-04-20 01:57:59] 
--- Checking: Unknown Group 4 (unknown) ---
[2026-04-20 01:58:11] Extracted 0 posts from group
[2026-04-20 01:58:14] 
--- Checking: Unknown Group 5 (unknown) ---
[2026-04-20 01:58:24] Extracted 0 posts from group
[2026-04-20 01:58:27] 
--- Checking: Unknown Group 6 (unknown) ---
[2026-04-20 01:58:38] Extracted 0 posts from group
[2026-04-20 01:58:41] 
--- Checking: Unknown Group 7 (unknown) ---
[2026-04-20 01:58:51] Extracted 0 posts from group
[2026-04-20 01:58:54] 
--- Checking: Unknown Group 8 (unknown) ---
[2026-04-20 01:59:05] Extracted 0 posts from group
[2026-04-20 01:59:08] 
--- Checking: Unknown Group 9 (unknown) ---
[2026-04-20 01:59:18] Extracted 0 posts from group
[2026-04-20 01:59:21] 
--- Checking: Unknown Group 10 (unknown) ---
